<?xml version="1.0" encoding="UTF-8"?>
<!-- Generated by org.testng.reporters.JUnitReportReporter -->
<testsuite hostname="ShikhaGaur" failures="0" tests="1" name="testNG.TEST" time="11.876" errors="0" timestamp="2020-09-14T19:23:10 EDT" skipped="0">
  <testcase classname="testNG.TEST" name="register" time="11.876"/>
  <system-out/>
</testsuite> <!-- testNG.TEST -->
